--------------------------------------------------------------------------------
*** filinger   Job: 2682381.sdb   started: 30/01/15 14:24:12   host: mom4 ***
*** filinger   Job: 2682381.sdb   started: 30/01/15 14:24:12   host: mom4 ***
*** filinger   Job: 2682381.sdb   started: 30/01/15 14:24:12   host: mom4 ***
*** filinger   Job: 2682381.sdb   started: 30/01/15 14:24:12   host: mom4 ***

--------------------------------------------------------------------------------

     ######################################################################
   ##########################################################################
  ###                                                                      ###
 ###            TINKER  ---  Software Tools for Molecular Design            ###
 ##                                                                          ##
 ##                        Version 7.0   October 2014                        ##
 ##                                                                          ##
 ##               Copyright (c)  Jay William Ponder  1990-2014               ##
 ###                           All Rights Reserved                          ###
  ###                                                                      ###
   ##########################################################################
     ######################################################################


 Molecular Dynamics Trajectory via Modified Beeman Algorithm

 Average Values for the Last   100 Out of      100 Dynamics Steps

 Simulation Time              0.1000 Picosecond
 Total Energy            -46263.3963 Kcal/mole   (+/-  60.3609)
 Potential Energy        -67497.0454 Kcal/mole   (+/- 145.2905)
 Kinetic Energy           21233.6491 Kcal/mole   (+/- 146.2116)
 Temperature                  302.39 Kelvin      (+/-     2.08)
 Pressure                    -586.35 Atmosphere  (+/-   262.64)
 Density                      0.9957 Grams/cc    (+/-   0.0000)
Application 12815692 resources: utime ~341s, stime ~7s, Rss ~845948, inblocks ~10646, outblocks ~19569
--------------------------------------------------------------------------------

Resources requested: ncpus=24,place=free,walltime=00:30:00
Resources allocated: cpupercent=0,cput=00:00:01,mem=9980kb,ncpus=24,vmem=76052kb,walltime=00:05:52

*** filinger   Job: 2682381.sdb   ended: 30/01/15 14:30:03   queue: standard ***
*** filinger   Job: 2682381.sdb   ended: 30/01/15 14:30:03   queue: standard ***
*** filinger   Job: 2682381.sdb   ended: 30/01/15 14:30:03   queue: standard ***
*** filinger   Job: 2682381.sdb   ended: 30/01/15 14:30:03   queue: standard ***
--------------------------------------------------------------------------------
